2025-06-19 22:10:53,009 INFO o.a.j.u.JMeterUtils: Setting Locale to en_EN
2025-06-19 22:10:53,056 INFO o.a.j.JMeter: Loading user properties from: C:\Users\pc destock\Downloads\apache-jmeter-5.6.3\apache-jmeter-5.6.3\bin\user.properties
2025-06-19 22:10:53,056 INFO o.a.j.JMeter: Loading system properties from: C:\Users\pc destock\Downloads\apache-jmeter-5.6.3\apache-jmeter-5.6.3\bin\system.properties
2025-06-19 22:10:53,072 INFO o.a.j.JMeter: Copyright (c) 1998-2024 The Apache Software Foundation
2025-06-19 22:10:53,072 INFO o.a.j.JMeter: Version 5.6.3
2025-06-19 22:10:53,072 INFO o.a.j.JMeter: java.version=17.0.15
2025-06-19 22:10:53,088 INFO o.a.j.JMeter: java.vm.name=OpenJDK 64-Bit Server VM
2025-06-19 22:10:53,088 INFO o.a.j.JMeter: os.name=Windows 11
2025-06-19 22:10:53,088 INFO o.a.j.JMeter: os.arch=amd64
2025-06-19 22:10:53,088 INFO o.a.j.JMeter: os.version=10.0
2025-06-19 22:10:53,088 INFO o.a.j.JMeter: file.encoding=Cp1252
2025-06-19 22:10:53,088 INFO o.a.j.JMeter: java.awt.headless=true
2025-06-19 22:10:53,088 INFO o.a.j.JMeter: Max memory     =1073741824
2025-06-19 22:10:53,088 INFO o.a.j.JMeter: Available Processors =4
2025-06-19 22:10:53,104 INFO o.a.j.JMeter: Default Locale=English (EN)
2025-06-19 22:10:53,104 INFO o.a.j.JMeter: JMeter  Locale=English (EN)
2025-06-19 22:10:53,104 INFO o.a.j.JMeter: JMeterHome=C:\Users\pc destock\Downloads\apache-jmeter-5.6.3\apache-jmeter-5.6.3
2025-06-19 22:10:53,104 INFO o.a.j.JMeter: user.dir  =C:\Users\pc destock\QA-JMeter-Demo
2025-06-19 22:10:53,104 INFO o.a.j.JMeter: PWD       =C:\Users\pc destock\QA-JMeter-Demo
2025-06-19 22:10:53,119 INFO o.a.j.JMeter: IP: 192.168.68.103 Name: DESKTOP-PHQHKJR FullName: DESKTOP-PHQHKJR
2025-06-19 22:10:53,150 INFO o.a.j.JMeter: Setting property 'jmeter.reportgenerator.outputdir' to:'C:\Users\pc destock\QA-JMeter-Demo\report'
2025-06-19 22:10:53,166 INFO o.a.j.s.FileServer: Default base='C:\Users\pc destock\QA-JMeter-Demo'
2025-06-19 22:10:53,166 INFO o.a.j.s.FileServer: Set new base='C:\Users\pc destock\QA-JMeter-Demo'
2025-06-19 22:10:53,748 INFO o.a.j.s.SaveService: Testplan (JMX) version: 2.2. Testlog (JTL) version: 2.2
2025-06-19 22:10:53,811 INFO o.a.j.s.SaveService: Using SaveService properties version 5.0
2025-06-19 22:10:53,811 INFO o.a.j.s.SaveService: Using SaveService properties file encoding UTF-8
2025-06-19 22:10:53,826 INFO o.a.j.s.SaveService: Loading file: test-plan.jmx
2025-06-19 22:10:53,967 INFO o.a.j.p.h.s.HTTPSamplerBase: Parser for text/html is org.apache.jmeter.protocol.http.parser.LagartoBasedHtmlParser
2025-06-19 22:10:53,967 INFO o.a.j.p.h.s.HTTPSamplerBase: Parser for application/xhtml+xml is org.apache.jmeter.protocol.http.parser.LagartoBasedHtmlParser
2025-06-19 22:10:53,967 INFO o.a.j.p.h.s.HTTPSamplerBase: Parser for application/xml is org.apache.jmeter.protocol.http.parser.LagartoBasedHtmlParser
2025-06-19 22:10:53,967 INFO o.a.j.p.h.s.HTTPSamplerBase: Parser for text/xml is org.apache.jmeter.protocol.http.parser.LagartoBasedHtmlParser
2025-06-19 22:10:53,967 INFO o.a.j.p.h.s.HTTPSamplerBase: Parser for text/vnd.wap.wml is org.apache.jmeter.protocol.http.parser.RegexpHTMLParser
2025-06-19 22:10:53,967 INFO o.a.j.p.h.s.HTTPSamplerBase: Parser for text/css is org.apache.jmeter.protocol.http.parser.CssParser
2025-06-19 22:10:54,030 INFO o.a.j.JMeter: Creating summariser <summary>
2025-06-19 22:10:54,030 INFO o.a.j.r.d.ReportGenerator: ReportGenerator will use for Parsing the separator: ','
2025-06-19 22:10:54,030 INFO o.a.j.r.d.ReportGenerator: Will generate report at end of test from  results file: evidences/results.jtl
2025-06-19 22:10:54,030 INFO o.a.j.r.d.ReportGenerator: Reading report generator properties from: C:\Users\pc destock\Downloads\apache-jmeter-5.6.3\apache-jmeter-5.6.3\bin\reportgenerator.properties
2025-06-19 22:10:54,046 INFO o.a.j.r.d.ReportGenerator: Merging with JMeter properties
2025-06-19 22:10:54,046 INFO o.a.j.r.c.ReportGeneratorConfiguration: Property 'jmeter.reportgenerator.temp_dir' not found, using default value 'temp' instead.
2025-06-19 22:10:54,062 INFO o.a.j.r.c.ReportGeneratorConfiguration: Property 'jmeter.reportgenerator.apdex_per_transaction' not found, using default value 'null' instead.
2025-06-19 22:10:54,062 INFO o.a.j.r.c.ReportGeneratorConfiguration: apdex_per_transaction is empty, not APDEX per transaction customization
2025-06-19 22:10:54,062 INFO o.a.j.r.c.ReportGeneratorConfiguration: Property 'jmeter.reportgenerator.sample_filter' not found, using default value 'null' instead.
2025-06-19 22:10:54,062 INFO o.a.j.r.c.ReportGeneratorConfiguration: Property 'jmeter.reportgenerator.report_title' not found, using default value 'null' instead.
2025-06-19 22:10:54,062 INFO o.a.j.r.c.ReportGeneratorConfiguration: Property 'jmeter.reportgenerator.start_date' not found, using default value 'null' instead.
2025-06-19 22:10:54,062 INFO o.a.j.r.c.ReportGeneratorConfiguration: Property 'jmeter.reportgenerator.end_date' not found, using default value 'null' instead.
2025-06-19 22:10:54,062 INFO o.a.j.r.c.ReportGeneratorConfiguration: Property 'jmeter.reportgenerator.date_format' not found, using default value 'null' instead.
2025-06-19 22:10:54,062 INFO o.a.j.r.c.ReportGeneratorConfiguration: Will use date range start date: null, end date: null
2025-06-19 22:10:54,077 INFO o.a.j.r.c.ReportGeneratorConfiguration: Property 'jmeter.reportgenerator.graph.totalTPS.exclude_controllers' not found, using default value 'false' instead.
2025-06-19 22:10:54,077 INFO o.a.j.r.c.ReportGeneratorConfiguration: Property 'jmeter.reportgenerator.graph.activeThreadsOverTime.exclude_controllers' not found, using default value 'false' instead.
2025-06-19 22:10:54,077 INFO o.a.j.r.c.ReportGeneratorConfiguration: Property 'jmeter.reportgenerator.graph.timeVsThreads.exclude_controllers' not found, using default value 'false' instead.
2025-06-19 22:10:54,077 INFO o.a.j.r.c.ReportGeneratorConfiguration: Property 'jmeter.reportgenerator.graph.responseTimeDistribution.exclude_controllers' not found, using default value 'false' instead.
2025-06-19 22:10:54,077 INFO o.a.j.r.c.ReportGeneratorConfiguration: Property 'jmeter.reportgenerator.graph.transactionsPerSecond.exclude_controllers' not found, using default value 'false' instead.
2025-06-19 22:10:54,077 INFO o.a.j.r.c.ReportGeneratorConfiguration: Property 'jmeter.reportgenerator.graph.responseTimePercentiles.exclude_controllers' not found, using default value 'false' instead.
2025-06-19 22:10:54,077 INFO o.a.j.r.c.ReportGeneratorConfiguration: Property 'jmeter.reportgenerator.graph.responseTimePercentilesOverTime.exclude_controllers' not found, using default value 'false' instead.
2025-06-19 22:10:54,077 INFO o.a.j.r.c.ReportGeneratorConfiguration: Property 'jmeter.reportgenerator.graph.responseTimesOverTime.exclude_controllers' not found, using default value 'false' instead.
2025-06-19 22:10:54,077 INFO o.a.j.r.c.ReportGeneratorConfiguration: Property 'jmeter.reportgenerator.graph.connectTimeOverTime.exclude_controllers' not found, using default value 'false' instead.
2025-06-19 22:10:54,077 INFO o.a.j.r.c.ReportGeneratorConfiguration: Property 'jmeter.reportgenerator.graph.latenciesOverTime.exclude_controllers' not found, using default value 'false' instead.
2025-06-19 22:10:54,077 INFO o.a.j.r.c.ReportGeneratorConfiguration: Property 'jmeter.reportgenerator.exporter.json.filters_only_sample_series' not found, using default value 'true' instead.
2025-06-19 22:10:54,077 INFO o.a.j.r.c.ReportGeneratorConfiguration: Property 'jmeter.reportgenerator.exporter.json.series_filter' not found, using default value '' instead.
2025-06-19 22:10:54,077 INFO o.a.j.r.c.ReportGeneratorConfiguration: Property 'jmeter.reportgenerator.exporter.json.show_controllers_only' not found, using default value 'false' instead.
2025-06-19 22:10:54,077 INFO o.a.j.r.c.ReportGeneratorConfiguration: Property 'jmeter.reportgenerator.exporter.html.filters_only_sample_series' not found, using default value 'true' instead.
2025-06-19 22:10:54,077 INFO o.a.j.r.c.ReportGeneratorConfiguration: Property 'jmeter.reportgenerator.exporter.html.series_filter' not found, using default value '' instead.
2025-06-19 22:10:54,077 INFO o.a.j.r.c.ReportGeneratorConfiguration: Property 'jmeter.reportgenerator.exporter.html.show_controllers_only' not found, using default value 'false' instead.
2025-06-19 22:10:54,124 INFO o.a.j.e.StandardJMeterEngine: Running the test!
2025-06-19 22:10:54,124 INFO o.a.j.s.SampleEvent: List of sample_variables: []
2025-06-19 22:10:54,124 INFO o.a.j.s.SampleEvent: List of sample_variables: []
2025-06-19 22:10:54,140 INFO o.a.j.e.u.CompoundVariable: Note: Function class names must contain the string: '.functions.'
2025-06-19 22:10:54,140 INFO o.a.j.e.u.CompoundVariable: Note: Function class names must not contain the string: '.gui.'
2025-06-19 22:10:54,485 INFO o.a.j.JMeter: Running test (1750381854485)
2025-06-19 22:10:54,532 INFO o.a.j.e.StandardJMeterEngine: Starting ThreadGroup: 1 : GET_Posts_ThreadGroup
2025-06-19 22:10:54,548 INFO o.a.j.e.StandardJMeterEngine: Starting 10 threads for group GET_Posts_ThreadGroup.
2025-06-19 22:10:54,548 INFO o.a.j.e.StandardJMeterEngine: Thread will continue on error
2025-06-19 22:10:54,548 INFO o.a.j.t.ThreadGroup: Starting thread group... number=1 threads=10 ramp-up=5 delayedStart=false
2025-06-19 22:10:54,569 INFO o.a.j.t.JMeterThread: Thread started: GET_Posts_ThreadGroup 1-1
2025-06-19 22:10:54,570 INFO o.a.j.t.ThreadGroup: Started thread group number 1
2025-06-19 22:10:54,570 INFO o.a.j.e.StandardJMeterEngine: All thread groups have been started
2025-06-19 22:10:54,624 INFO o.a.j.p.h.s.HTTPHCAbstractImpl: Local host = DESKTOP-PHQHKJR
2025-06-19 22:10:54,640 INFO o.a.j.p.h.s.HTTPHC4Impl: HTTP request retry count = 0
2025-06-19 22:10:54,640 INFO o.a.j.s.SampleResult: Note: Sample TimeStamps are START times
2025-06-19 22:10:54,640 INFO o.a.j.s.SampleResult: sampleresult.default.encoding is set to UTF-8
2025-06-19 22:10:54,640 INFO o.a.j.s.SampleResult: sampleresult.useNanoTime=true
2025-06-19 22:10:54,640 INFO o.a.j.s.SampleResult: sampleresult.nanoThreadSleep=5000
2025-06-19 22:10:55,082 INFO o.a.j.t.JMeterThread: Thread started: GET_Posts_ThreadGroup 1-2
2025-06-19 22:10:55,357 INFO o.a.j.t.JMeterThread: Thread is done: GET_Posts_ThreadGroup 1-1
2025-06-19 22:10:55,357 INFO o.a.j.t.JMeterThread: Thread finished: GET_Posts_ThreadGroup 1-1
2025-06-19 22:10:55,467 INFO o.a.j.t.JMeterThread: Thread is done: GET_Posts_ThreadGroup 1-2
2025-06-19 22:10:55,467 INFO o.a.j.t.JMeterThread: Thread finished: GET_Posts_ThreadGroup 1-2
2025-06-19 22:10:55,581 INFO o.a.j.t.JMeterThread: Thread started: GET_Posts_ThreadGroup 1-3
2025-06-19 22:10:55,972 INFO o.a.j.t.JMeterThread: Thread is done: GET_Posts_ThreadGroup 1-3
2025-06-19 22:10:55,973 INFO o.a.j.t.JMeterThread: Thread finished: GET_Posts_ThreadGroup 1-3
2025-06-19 22:10:56,070 INFO o.a.j.t.JMeterThread: Thread started: GET_Posts_ThreadGroup 1-4
2025-06-19 22:10:56,488 INFO o.a.j.t.JMeterThread: Thread is done: GET_Posts_ThreadGroup 1-4
2025-06-19 22:10:56,489 INFO o.a.j.t.JMeterThread: Thread finished: GET_Posts_ThreadGroup 1-4
2025-06-19 22:10:56,575 INFO o.a.j.t.JMeterThread: Thread started: GET_Posts_ThreadGroup 1-5
2025-06-19 22:10:57,051 INFO o.a.j.t.JMeterThread: Thread is done: GET_Posts_ThreadGroup 1-5
2025-06-19 22:10:57,052 INFO o.a.j.t.JMeterThread: Thread finished: GET_Posts_ThreadGroup 1-5
2025-06-19 22:10:57,056 INFO o.a.j.t.JMeterThread: Thread started: GET_Posts_ThreadGroup 1-6
2025-06-19 22:10:57,439 INFO o.a.j.t.JMeterThread: Thread is done: GET_Posts_ThreadGroup 1-6
2025-06-19 22:10:57,439 INFO o.a.j.t.JMeterThread: Thread finished: GET_Posts_ThreadGroup 1-6
2025-06-19 22:10:57,561 INFO o.a.j.t.JMeterThread: Thread started: GET_Posts_ThreadGroup 1-7
2025-06-19 22:10:58,058 INFO o.a.j.t.JMeterThread: Thread started: GET_Posts_ThreadGroup 1-8
2025-06-19 22:10:58,497 INFO o.a.j.t.JMeterThread: Thread is done: GET_Posts_ThreadGroup 1-8
2025-06-19 22:10:58,498 INFO o.a.j.t.JMeterThread: Thread finished: GET_Posts_ThreadGroup 1-8
2025-06-19 22:10:58,558 INFO o.a.j.t.JMeterThread: Thread started: GET_Posts_ThreadGroup 1-9
2025-06-19 22:10:58,574 INFO o.a.j.t.JMeterThread: Thread is done: GET_Posts_ThreadGroup 1-7
2025-06-19 22:10:58,574 INFO o.a.j.t.JMeterThread: Thread finished: GET_Posts_ThreadGroup 1-7
2025-06-19 22:10:59,025 INFO o.a.j.t.JMeterThread: Thread is done: GET_Posts_ThreadGroup 1-9
2025-06-19 22:10:59,025 INFO o.a.j.t.JMeterThread: Thread finished: GET_Posts_ThreadGroup 1-9
2025-06-19 22:10:59,057 INFO o.a.j.t.JMeterThread: Thread started: GET_Posts_ThreadGroup 1-10
2025-06-19 22:10:59,999 INFO o.a.j.t.JMeterThread: Thread is done: GET_Posts_ThreadGroup 1-10
2025-06-19 22:10:59,999 INFO o.a.j.t.JMeterThread: Thread finished: GET_Posts_ThreadGroup 1-10
2025-06-19 22:10:59,999 INFO o.a.j.e.StandardJMeterEngine: Notifying test listeners of end of test
2025-06-19 22:11:00,003 INFO o.a.j.r.Summariser: summary =     10 in 00:00:06 =    1.8/s Avg:   545 Min:   380 Max:  1025 Err:     0 (0.00%)
2025-06-19 22:11:00,003 INFO o.a.j.JMeter: Generating Dashboard
2025-06-19 22:11:00,003 INFO o.a.j.r.d.ReportGenerator: Flushing result collector before report Generation
2025-06-19 22:11:00,030 INFO o.a.j.r.p.NormalizerSampleConsumer: Using format, 'ms', to parse timeStamp field
2025-06-19 22:11:00,595 INFO o.a.j.r.p.AbstractSampleConsumer: class org.apache.jmeter.report.processor.AggregateConsumer#stopProducing(): beginDate produced 0 samples
2025-06-19 22:11:00,595 INFO o.a.j.r.p.AbstractSampleConsumer: class org.apache.jmeter.report.processor.AggregateConsumer#stopProducing(): endDate produced 0 samples
2025-06-19 22:11:00,604 INFO o.a.j.r.p.AbstractSampleConsumer: class org.apache.jmeter.report.processor.ApdexSummaryConsumer#stopProducing(): apdexSummary produced 0 samples
2025-06-19 22:11:00,604 INFO o.a.j.r.p.AbstractSampleConsumer: class org.apache.jmeter.report.processor.RequestsSummaryConsumer#stopProducing(): requestsSummary produced 0 samples
2025-06-19 22:11:00,621 INFO o.a.j.r.p.AbstractSampleConsumer: class org.apache.jmeter.report.processor.StatisticsSummaryConsumer#stopProducing(): statisticsSummary produced 0 samples
2025-06-19 22:11:00,636 INFO o.a.j.r.p.AbstractSampleConsumer: class org.apache.jmeter.report.processor.Top5ErrorsBySamplerConsumer#stopProducing(): top5ErrorsBySampler produced 0 samples
2025-06-19 22:11:00,637 INFO o.a.j.r.p.AbstractSampleConsumer: class org.apache.jmeter.report.processor.ErrorsSummaryConsumer#stopProducing(): errorsSummary produced 0 samples
2025-06-19 22:11:00,637 INFO o.a.j.r.p.AbstractSampleConsumer: class org.apache.jmeter.report.processor.graph.impl.HitsPerSecondGraphConsumer#stopProducing(): hitsPerSecond produced 0 samples
2025-06-19 22:11:00,691 INFO o.a.j.r.p.AbstractSampleConsumer: class org.apache.jmeter.report.processor.graph.impl.LatencyVSRequestGraphConsumer#stopProducing(): latencyVsRequest produced 0 samples
2025-06-19 22:11:00,691 INFO o.a.j.r.p.AbstractSampleConsumer: class org.apache.jmeter.report.processor.graph.impl.SyntheticResponseTimeDistributionGraphConsumer#stopProducing(): syntheticResponseTimeDistribution produced 0 samples
2025-06-19 22:11:00,692 INFO o.a.j.r.p.AbstractSampleConsumer: class org.apache.jmeter.report.processor.graph.impl.BytesThroughputGraphConsumer#stopProducing(): bytesThroughputOverTime produced 0 samples
2025-06-19 22:11:00,692 INFO o.a.j.r.p.AbstractSampleConsumer: class org.apache.jmeter.report.processor.graph.impl.CodesPerSecondGraphConsumer#stopProducing(): codesPerSecond produced 0 samples
2025-06-19 22:11:00,697 INFO o.a.j.r.p.AbstractSampleConsumer: class org.apache.jmeter.report.processor.graph.impl.ResponseTimeVSRequestGraphConsumer#stopProducing(): responseTimeVsRequest produced 0 samples
2025-06-19 22:11:00,697 INFO o.a.j.r.p.AbstractSampleConsumer: class org.apache.jmeter.report.processor.FilterConsumer#stopProducing(): startIntervalControlerFilter produced 70 samples
2025-06-19 22:11:00,697 INFO o.a.j.r.p.AbstractSampleConsumer: class org.apache.jmeter.report.processor.graph.impl.TotalTPSGraphConsumer#stopProducing(): totalTPS produced 0 samples
2025-06-19 22:11:00,697 INFO o.a.j.r.p.AbstractSampleConsumer: class org.apache.jmeter.report.processor.graph.impl.ActiveThreadsGraphConsumer#stopProducing(): activeThreadsOverTime produced 0 samples
2025-06-19 22:11:00,697 INFO o.a.j.r.p.AbstractSampleConsumer: class org.apache.jmeter.report.processor.graph.impl.TimeVSThreadGraphConsumer#stopProducing(): timeVsThreads produced 0 samples
2025-06-19 22:11:00,697 INFO o.a.j.r.p.AbstractSampleConsumer: class org.apache.jmeter.report.processor.graph.impl.ResponseTimeDistributionGraphConsumer#stopProducing(): responseTimeDistribution produced 0 samples
2025-06-19 22:11:00,697 INFO o.a.j.r.p.AbstractSampleConsumer: class org.apache.jmeter.report.processor.graph.impl.TransactionsPerSecondGraphConsumer#stopProducing(): transactionsPerSecond produced 0 samples
2025-06-19 22:11:00,697 INFO o.a.j.r.p.AbstractSampleConsumer: class org.apache.jmeter.report.processor.graph.impl.ResponseTimePercentilesGraphConsumer#stopProducing(): responseTimePercentiles produced 0 samples
2025-06-19 22:11:00,704 INFO o.a.j.r.p.AbstractSampleConsumer: class org.apache.jmeter.report.processor.graph.impl.ResponseTimePercentilesOverTimeGraphConsumer#stopProducing(): responseTimePercentilesOverTime produced 0 samples
2025-06-19 22:11:00,704 INFO o.a.j.r.p.AbstractSampleConsumer: class org.apache.jmeter.report.processor.graph.impl.ResponseTimeOverTimeGraphConsumer#stopProducing(): responseTimesOverTime produced 0 samples
2025-06-19 22:11:00,704 INFO o.a.j.r.p.AbstractSampleConsumer: class org.apache.jmeter.report.processor.graph.impl.ConnectTimeOverTimeGraphConsumer#stopProducing(): connectTimeOverTime produced 0 samples
2025-06-19 22:11:00,704 INFO o.a.j.r.p.AbstractSampleConsumer: class org.apache.jmeter.report.processor.graph.impl.LatencyOverTimeGraphConsumer#stopProducing(): latenciesOverTime produced 0 samples
2025-06-19 22:11:00,704 INFO o.a.j.r.p.AbstractSampleConsumer: class org.apache.jmeter.report.processor.FilterConsumer#stopProducing(): nameFilter produced 150 samples
2025-06-19 22:11:00,704 INFO o.a.j.r.p.AbstractSampleConsumer: class org.apache.jmeter.report.processor.FilterConsumer#stopProducing(): dateRangeFilter produced 30 samples
2025-06-19 22:11:00,704 INFO o.a.j.r.p.AbstractSampleConsumer: class org.apache.jmeter.report.processor.NormalizerSampleConsumer#stopProducing(): normalizer produced 10 samples
2025-06-19 22:11:00,704 INFO o.a.j.r.p.CsvFileSampleSource: produce(): 10 samples produced in 595ms on channel 0
2025-06-19 22:11:00,704 INFO o.a.j.r.d.ReportGenerator: Exporting data using exporter:'json' of className:'org.apache.jmeter.report.dashboard.JsonExporter'
2025-06-19 22:11:00,936 INFO o.a.j.r.d.JsonExporter: Found data for consumer statisticsSummary in context
2025-06-19 22:11:00,936 INFO o.a.j.r.d.JsonExporter: Creating statistics for overall
2025-06-19 22:11:00,936 INFO o.a.j.r.d.JsonExporter: Creating statistics for other transactions
2025-06-19 22:11:00,936 INFO o.a.j.r.d.JsonExporter: Checking output folder
2025-06-19 22:11:00,936 INFO o.a.j.r.d.JsonExporter: Writing statistics JSON to C:\Users\pc destock\QA-JMeter-Demo\report\statistics.json
2025-06-19 22:11:01,062 INFO o.a.j.r.d.ReportGenerator: Exporting data using exporter:'html' of className:'org.apache.jmeter.report.dashboard.HtmlTemplateExporter'
2025-06-19 22:11:01,077 INFO o.a.j.r.d.HtmlTemplateExporter: Will generate dashboard in folder: C:\Users\pc destock\QA-JMeter-Demo\report
2025-06-19 22:11:01,529 INFO o.a.j.r.d.HtmlTemplateExporter: Report will be generated in: C:\Users\pc destock\QA-JMeter-Demo\report, creating folder structure
2025-06-19 22:11:01,536 INFO o.a.j.r.d.TemplateVisitor: Copying folder from 'C:\Users\pc destock\Downloads\apache-jmeter-5.6.3\apache-jmeter-5.6.3\bin\report-template' to 'C:\Users\pc destock\QA-JMeter-Demo\report', got message: C:\Users\pc destock\QA-JMeter-Demo\report, found non empty folder with following content [C:\Users\pc destock\QA-JMeter-Demo\report\statistics.json], will be ignored
2025-06-19 22:11:03,094 INFO o.a.j.JMeter: Dashboard generated
